This file contains any messages produced by compilers while
running configure, to aid debugging if configure makes a mistake.

It was created by alsa-lib configure 1.2.11, which was
generated by GNU Autoconf 2.71.  Invocation command line was

  $ ./configure --disable-aload --prefix=/usr --libdir=/lib64 --with-plugindir=/usr/lib64/alsa-lib --with-pkgconfdir=/usr/lib64/pkgconfig

## --------- ##
## Platform. ##
## --------- ##

hostname = repairnator
uname -m = x86_64
uname -r = 5.15.0-87-generic
uname -s = Linux
uname -v = #97-Ubuntu SMP Mon Oct 2 21:09:21 UTC 2023

/usr/bin/uname -p = x86_64
/bin/uname -X     = unknown

/bin/arch              = x86_64
/usr/bin/arch -k       = unknown
/usr/convex/getsysinfo = unknown
/usr/bin/hostinfo      = unknown
/bin/machine           = unknown
/usr/bin/oslevel       = unknown
/bin/universe          = unknown

PATH: /home/diogo/.vscode-server/cli/servers/Stable-31c37ee8f63491495ac49e43b8544550fbae4533/server/bin/remote-cli/
PATH: /usr/local/sbin/
PATH: /usr/local/bin/
PATH: /usr/sbin/
PATH: /usr/bin/
PATH: /sbin/
PATH: /bin/
PATH: /usr/games/
PATH: /usr/local/games/
PATH: /snap/bin/


## ----------- ##
## Core tests. ##
## ----------- ##

configure:2651: looking for aux files: ltmain.sh compile missing install-sh config.guess config.sub
configure:2664:  trying ./
configure:2693:   ./ltmain.sh found
configure:2693:   ./compile found
configure:2693:   ./missing found
configure:2675:   ./install-sh found
configure:2693:   ./config.guess found
configure:2693:   ./config.sub found
configure:2815: checking build system type
configure:2830: result: x86_64-pc-linux-gnu
configure:2850: checking host system type
configure:2864: result: x86_64-pc-linux-gnu
configure:2901: checking for a BSD-compatible install
configure:2974: result: /usr/bin/install -c
configure:2985: checking whether build environment is sane
configure:3040: result: yes
configure:3199: checking for a race-free mkdir -p
configure:3243: result: /usr/bin/mkdir -p
configure:3250: checking for gawk
configure:3271: found /usr/bin/gawk
configure:3282: result: gawk
configure:3293: checking whether make sets $(MAKE)
configure:3316: result: yes
configure:3346: checking whether make supports nested variables
configure:3364: result: yes
configure:3511: checking whether to enable maintainer-specific portions of Makefiles
configure:3521: result: yes
configure:3548: checking whether make supports nested variables
configure:3566: result: yes
configure:3643: checking for gcc
configure:3664: found /usr/bin/gcc
configure:3675: result: gcc
configure:4028: checking for C compiler version
configure:4037: gcc --version >&5
gcc (Ubuntu 11.4.0-1ubuntu1~22.04) 11.4.0
Copyright (C) 2021 Free Software Foundation, Inc.
This is free software; see the source for copying conditions.  There is NO
warranty; not even for MERCHANTABILITY or FITNESS FOR A PARTICULAR PURPOSE.

configure:4048: $? = 0
configure:4037: gcc -v >&5
Using built-in specs.
COLLECT_GCC=gcc
COLLECT_LTO_WRAPPER=/usr/lib/gcc/x86_64-linux-gnu/11/lto-wrapper
OFFLOAD_TARGET_NAMES=nvptx-none:amdgcn-amdhsa
OFFLOAD_TARGET_DEFAULT=1
Target: x86_64-linux-gnu
Configured with: ../src/configure -v --with-pkgversion='Ubuntu 11.4.0-1ubuntu1~22.04' --with-bugurl=file:///usr/share/doc/gcc-11/README.Bugs --enable-languages=c,ada,c++,go,brig,d,fortran,objc,obj-c++,m2 --prefix=/usr --with-gcc-major-version-only --program-suffix=-11 --program-prefix=x86_64-linux-gnu- --enable-shared --enable-linker-build-id --libexecdir=/usr/lib --without-included-gettext --enable-threads=posix --libdir=/usr/lib --enable-nls --enable-bootstrap --enable-clocale=gnu --enable-libstdcxx-debug --enable-libstdcxx-time=yes --with-default-libstdcxx-abi=new --enable-gnu-unique-object --disable-vtable-verify --enable-plugin --enable-default-pie --with-system-zlib --enable-libphobos-checking=release --with-target-system-zlib=auto --enable-objc-gc=auto --enable-multiarch --disable-werror --enable-cet --with-arch-32=i686 --with-abi=m64 --with-multilib-list=m32,m64,mx32 --enable-multilib --with-tune=generic --enable-offload-targets=nvptx-none=/build/gcc-11-XeT9lY/gcc-11-11.4.0/debian/tmp-nvptx/usr,amdgcn-amdhsa=/build/gcc-11-XeT9lY/gcc-11-11.4.0/debian/tmp-gcn/usr --without-cuda-driver --enable-checking=release --build=x86_64-linux-gnu --host=x86_64-linux-gnu --target=x86_64-linux-gnu --with-build-config=bootstrap-lto-lean --enable-link-serialization=2
Thread model: posix
Supported LTO compression algorithms: zlib zstd
gcc version 11.4.0 (Ubuntu 11.4.0-1ubuntu1~22.04) 
... rest of stderr output deleted ...
configure:4048: $? = 0
configure:4037: gcc -V >&5
gcc: error: unrecognized command-line option '-V'
gcc: fatal error: no input files
compilation terminated.
configure:4048: $? = 1
configure:4037: gcc -qversion >&5
gcc: error: unrecognized command-line option '-qversion'; did you mean '--version'?
gcc: fatal error: no input files
compilation terminated.
configure:4048: $? = 1
configure:4037: gcc -version >&5
gcc: error: unrecognized command-line option '-version'
gcc: fatal error: no input files
compilation terminated.
configure:4048: $? = 1
configure:4068: checking whether the C compiler works
configure:4090: gcc  -O2 -Wall -W -Wunused-const-variable=0 -pipe -g    conftest.c  >&5
configure:4094: $? = 0
configure:4144: result: yes
configure:4147: checking for C compiler default output file name
configure:4149: result: a.out
configure:4155: checking for suffix of executables
configure:4162: gcc -o conftest  -O2 -Wall -W -Wunused-const-variable=0 -pipe -g    conftest.c  >&5
configure:4166: $? = 0
configure:4189: result: 
configure:4211: checking whether we are cross compiling
configure:4219: gcc -o conftest  -O2 -Wall -W -Wunused-const-variable=0 -pipe -g    conftest.c  >&5
configure:4223: $? = 0
configure:4230: ./conftest
configure:4234: $? = 0
configure:4249: result: no
configure:4254: checking for suffix of object files
configure:4277: gcc -c  -O2 -Wall -W -Wunused-const-variable=0 -pipe -g   conftest.c >&5
configure:4281: $? = 0
configure:4303: result: o
configure:4307: checking whether the compiler supports GNU C
configure:4327: gcc -c  -O2 -Wall -W -Wunused-const-variable=0 -pipe -g   conftest.c >&5
configure:4327: $? = 0
configure:4337: result: yes
configure:4348: checking whether gcc accepts -g
configure:4369: gcc -c -g  conftest.c >&5
configure:4369: $? = 0
configure:4413: result: yes
configure:4433: checking for gcc option to enable C11 features
configure:4448: gcc  -c  -O2 -Wall -W -Wunused-const-variable=0 -pipe -g   conftest.c >&5
conftest.c:186:1: warning: '_Noreturn' is not at beginning of declaration [-Wold-style-declaration]
  186 | int _Noreturn does_not_return (void) { for (;;) continue; }
      | ^~~
configure:4448: $? = 0
configure:4466: result: none needed
configure:4582: checking whether gcc understands -c and -o together
configure:4605: gcc -c conftest.c -o conftest2.o
configure:4608: $? = 0
configure:4605: gcc -c conftest.c -o conftest2.o
configure:4608: $? = 0
configure:4620: result: yes
configure:4640: checking whether make supports the include directive
configure:4655: make -f confmf.GNU && cat confinc.out
this is the am__doit target
configure:4658: $? = 0
configure:4677: result: yes (GNU style)
configure:4703: checking dependency style of gcc
configure:4815: result: gcc3
configure:4835: checking how to run the C preprocessor
configure:4861: gcc -E  conftest.c
configure:4861: $? = 0
configure:4876: gcc -E  conftest.c
conftest.c:11:10: fatal error: ac_nonexistent.h: No such file or directory
   11 | #include <ac_nonexistent.h>
      |          ^~~~~~~~~~~~~~~~~~
compilation terminated.
configure:4876: $? = 1
configure: failed program was:
| /* confdefs.h */
| #define PACKAGE_NAME "alsa-lib"
| #define PACKAGE_TARNAME "alsa-lib"
| #define PACKAGE_VERSION "1.2.11"
| #define PACKAGE_STRING "alsa-lib 1.2.11"
| #define PACKAGE_BUGREPORT ""
| #define PACKAGE_URL ""
| #define PACKAGE "alsa-lib"
| #define VERSION "1.2.11"
| /* end confdefs.h.  */
| #include <ac_nonexistent.h>
configure:4903: result: gcc -E
configure:4917: gcc -E  conftest.c
configure:4917: $? = 0
configure:4932: gcc -E  conftest.c
conftest.c:11:10: fatal error: ac_nonexistent.h: No such file or directory
   11 | #include <ac_nonexistent.h>
      |          ^~~~~~~~~~~~~~~~~~
compilation terminated.
configure:4932: $? = 1
configure: failed program was:
| /* confdefs.h */
| #define PACKAGE_NAME "alsa-lib"
| #define PACKAGE_TARNAME "alsa-lib"
| #define PACKAGE_VERSION "1.2.11"
| #define PACKAGE_STRING "alsa-lib 1.2.11"
| #define PACKAGE_BUGREPORT ""
| #define PACKAGE_URL ""
| #define PACKAGE "alsa-lib"
| #define VERSION "1.2.11"
| /* end confdefs.h.  */
| #include <ac_nonexistent.h>
configure:4967: checking for stdio.h
configure:4967: gcc -c  -O2 -Wall -W -Wunused-const-variable=0 -pipe -g   conftest.c >&5
configure:4967: $? = 0
configure:4967: result: yes
configure:4967: checking for stdlib.h
configure:4967: gcc -c  -O2 -Wall -W -Wunused-const-variable=0 -pipe -g   conftest.c >&5
configure:4967: $? = 0
configure:4967: result: yes
configure:4967: checking for string.h
configure:4967: gcc -c  -O2 -Wall -W -Wunused-const-variable=0 -pipe -g   conftest.c >&5
configure:4967: $? = 0
configure:4967: result: yes
configure:4967: checking for inttypes.h
configure:4967: gcc -c  -O2 -Wall -W -Wunused-const-variable=0 -pipe -g   conftest.c >&5
configure:4967: $? = 0
configure:4967: result: yes
configure:4967: checking for stdint.h
configure:4967: gcc -c  -O2 -Wall -W -Wunused-const-variable=0 -pipe -g   conftest.c >&5
configure:4967: $? = 0
configure:4967: result: yes
configure:4967: checking for strings.h
configure:4967: gcc -c  -O2 -Wall -W -Wunused-const-variable=0 -pipe -g   conftest.c >&5
configure:4967: $? = 0
configure:4967: result: yes
configure:4967: checking for sys/stat.h
configure:4967: gcc -c  -O2 -Wall -W -Wunused-const-variable=0 -pipe -g   conftest.c >&5
configure:4967: $? = 0
configure:4967: result: yes
configure:4967: checking for sys/types.h
configure:4967: gcc -c  -O2 -Wall -W -Wunused-const-variable=0 -pipe -g   conftest.c >&5
configure:4967: $? = 0
configure:4967: result: yes
configure:4967: checking for unistd.h
configure:4967: gcc -c  -O2 -Wall -W -Wunused-const-variable=0 -pipe -g   conftest.c >&5
configure:4967: $? = 0
configure:4967: result: yes
configure:4967: checking for wchar.h
configure:4967: gcc -c  -O2 -Wall -W -Wunused-const-variable=0 -pipe -g   conftest.c >&5
configure:4967: $? = 0
configure:4967: result: yes
configure:4967: checking for minix/config.h
configure:4967: gcc -c  -O2 -Wall -W -Wunused-const-variable=0 -pipe -g   conftest.c >&5
conftest.c:49:10: fatal error: minix/config.h: No such file or directory
   49 | #include <minix/config.h>
      |          ^~~~~~~~~~~~~~~~
compilation terminated.
configure:4967: $? = 1
configure: failed program was:
| /* confdefs.h */
| #define PACKAGE_NAME "alsa-lib"
| #define PACKAGE_TARNAME "alsa-lib"
| #define PACKAGE_VERSION "1.2.11"
| #define PACKAGE_STRING "alsa-lib 1.2.11"
| #define PACKAGE_BUGREPORT ""
| #define PACKAGE_URL ""
| #define PACKAGE "alsa-lib"
| #define VERSION "1.2.11"
| #define HAVE_STDIO_H 1
| #define HAVE_STDLIB_H 1
| #define HAVE_STRING_H 1
| #define HAVE_INTTYPES_H 1
| #define HAVE_STDINT_H 1
| #define HAVE_STRINGS_H 1
| #define HAVE_SYS_STAT_H 1
| #define HAVE_SYS_TYPES_H 1
| #define HAVE_UNISTD_H 1
| #define HAVE_WCHAR_H 1
| /* end confdefs.h.  */
| #include <stddef.h>
| #ifdef HAVE_STDIO_H
| # include <stdio.h>
| #endif
| #ifdef HAVE_STDLIB_H
| # include <stdlib.h>
| #endif
| #ifdef HAVE_STRING_H
| # include <string.h>
| #endif
| #ifdef HAVE_INTTYPES_H
| # include <inttypes.h>
| #endif
| #ifdef HAVE_STDINT_H
| # include <stdint.h>
| #endif
| #ifdef HAVE_STRINGS_H
| # include <strings.h>
| #endif
| #ifdef HAVE_SYS_TYPES_H
| # include <sys/types.h>
| #endif
| #ifdef HAVE_SYS_STAT_H
| # include <sys/stat.h>
| #endif
| #ifdef HAVE_UNISTD_H
| # include <unistd.h>
| #endif
| #include <minix/config.h>
configure:4967: result: no
configure:4967: checking for sys/time.h
configure:4967: gcc -c  -O2 -Wall -W -Wunused-const-variable=0 -pipe -g   conftest.c >&5
configure:4967: $? = 0
configure:4967: result: yes
configure:4998: checking whether it is safe to define __EXTENSIONS__
configure:5017: gcc -c  -O2 -Wall -W -Wunused-const-variable=0 -pipe -g   conftest.c >&5
configure:5017: $? = 0
configure:5025: result: yes
configure:5028: checking whether _XOPEN_SOURCE should be defined
configure:5050: gcc -c  -O2 -Wall -W -Wunused-const-variable=0 -pipe -g   conftest.c >&5
configure:5050: $? = 0
configure:5077: result: no
configure:5134: checking whether ln -s works
configure:5138: result: yes
configure:5228: checking how to print strings
configure:5255: result: printf
configure:5276: checking for a sed that does not truncate output
configure:5346: result: /usr/bin/sed
configure:5364: checking for grep that handles long lines and -e
configure:5428: result: /usr/bin/grep
configure:5433: checking for egrep
configure:5501: result: /usr/bin/grep -E
configure:5506: checking for fgrep
configure:5574: result: /usr/bin/grep -F
configure:5610: checking for ld used by gcc
configure:5678: result: /usr/bin/ld
configure:5685: checking if the linker (/usr/bin/ld) is GNU ld
configure:5701: result: yes
configure:5713: checking for BSD- or MS-compatible name lister (nm)
configure:5768: result: /usr/bin/nm -B
configure:5908: checking the name lister (/usr/bin/nm -B) interface
configure:5916: gcc -c  -O2 -Wall -W -Wunused-const-variable=0 -pipe -g   conftest.c >&5
configure:5919: /usr/bin/nm -B "conftest.o"
configure:5922: output
0000000000000000 B some_variable
configure:5929: result: BSD nm
configure:5933: checking the maximum length of command line arguments
configure:6065: result: 1572864
configure:6113: checking how to convert x86_64-pc-linux-gnu file names to x86_64-pc-linux-gnu format
configure:6154: result: func_convert_file_noop
configure:6161: checking how to convert x86_64-pc-linux-gnu file names to toolchain format
configure:6182: result: func_convert_file_noop
configure:6189: checking for /usr/bin/ld option to reload object files
configure:6197: result: -r
configure:6276: checking for objdump
configure:6297: found /usr/bin/objdump
configure:6308: result: objdump
configure:6340: checking how to recognize dependent libraries
configure:6541: result: pass_all
configure:6631: checking for dlltool
configure:6666: result: no
configure:6696: checking how to associate runtime and link libraries
configure:6724: result: printf %s\n
configure:6789: checking for ar
configure:6810: found /usr/bin/ar
configure:6821: result: ar
configure:6858: checking for archiver @FILE support
configure:6876: gcc -c  -O2 -Wall -W -Wunused-const-variable=0 -pipe -g   conftest.c >&5
configure:6876: $? = 0
configure:6880: ar cr libconftest.a @conftest.lst >&5
configure:6883: $? = 0
configure:6888: ar cr libconftest.a @conftest.lst >&5
ar: conftest.o: No such file or directory
configure:6891: $? = 1
configure:6903: result: @
configure:6966: checking for strip
configure:6987: found /usr/bin/strip
configure:6998: result: strip
configure:7075: checking for ranlib
configure:7096: found /usr/bin/ranlib
configure:7107: result: ranlib
configure:7209: checking command to parse /usr/bin/nm -B output from gcc object
configure:7363: gcc -c  -O2 -Wall -W -Wunused-const-variable=0 -pipe -g   conftest.c >&5
configure:7366: $? = 0
configure:7370: /usr/bin/nm -B conftest.o | sed -n -e 's/^.*[	 ]\([ABCDGIRSTW][ABCDGIRSTW]*\)[	 ][	 ]*\([_A-Za-z][_A-Za-z0-9]*\)$/\1 \2 \2/p' | sed '/ __gnu_lto/d' > conftest.nm
configure:7436: gcc -o conftest  -O2 -Wall -W -Wunused-const-variable=0 -pipe -g    conftest.c conftstm.o >&5
configure:7439: $? = 0
configure:7477: result: ok
configure:7524: checking for sysroot
configure:7555: result: no
configure:7562: checking for a working dd
configure:7606: result: /usr/bin/dd
configure:7610: checking how to truncate binary pipes
configure:7626: result: /usr/bin/dd bs=4096 count=1
configure:7763: gcc -c  -O2 -Wall -W -Wunused-const-variable=0 -pipe -g   conftest.c >&5
configure:7766: $? = 0
configure:7963: checking for mt
configure:7984: found /usr/bin/mt
configure:7995: result: mt
configure:8018: checking if mt is a manifest tool
configure:8025: mt '-?'
configure:8033: result: no
configure:8759: checking for dlfcn.h
configure:8759: gcc -c  -O2 -Wall -W -Wunused-const-variable=0 -pipe -g   conftest.c >&5
configure:8759: $? = 0
configure:8759: result: yes
configure:8985: checking for objdir
configure:9001: result: .libs
configure:9265: checking if gcc supports -fno-rtti -fno-exceptions
configure:9284: gcc -c  -O2 -Wall -W -Wunused-const-variable=0 -pipe -g   -fno-rtti -fno-exceptions conftest.c >&5
cc1: warning: command-line option '-fno-rtti' is valid for C++/D/ObjC++ but not for C
configure:9288: $? = 0
configure:9301: result: no
configure:9665: checking for gcc option to produce PIC
configure:9673: result: -fPIC -DPIC
configure:9681: checking if gcc PIC flag -fPIC -DPIC works
configure:9700: gcc -c  -O2 -Wall -W -Wunused-const-variable=0 -pipe -g   -fPIC -DPIC -DPIC conftest.c >&5
configure:9704: $? = 0
configure:9717: result: yes
configure:9746: checking if gcc static flag -static works
configure:9775: result: yes
configure:9790: checking if gcc supports -c -o file.o
configure:9812: gcc -c  -O2 -Wall -W -Wunused-const-variable=0 -pipe -g   -o out/conftest2.o conftest.c >&5
configure:9816: $? = 0
configure:9838: result: yes
configure:9846: checking if gcc supports -c -o file.o
configure:9894: result: yes
configure:9927: checking whether the gcc linker (/usr/bin/ld -m elf_x86_64) supports shared libraries
configure:11197: result: yes
configure:11234: checking whether -lc should be explicitly linked in
configure:11243: gcc -c  -O2 -Wall -W -Wunused-const-variable=0 -pipe -g   conftest.c >&5
configure:11246: $? = 0
configure:11261: gcc -shared  -fPIC -DPIC conftest.o  -v -Wl,-soname -Wl,conftest -o conftest 2\>\&1 \| /usr/bin/grep  -lc  \>/dev/null 2\>\&1
configure:11264: $? = 0
configure:11278: result: no
configure:11438: checking dynamic linker characteristics
configure:12020: gcc -o conftest  -O2 -Wall -W -Wunused-const-variable=0 -pipe -g    -Wl,-rpath -Wl,/foo conftest.c  >&5
configure:12020: $? = 0
configure:12271: result: GNU/Linux ld.so
configure:12393: checking how to hardcode library paths into programs
configure:12418: result: immediate
configure:12520: checking for shl_load
configure:12520: gcc -o conftest  -O2 -Wall -W -Wunused-const-variable=0 -pipe -g    conftest.c  >&5
/usr/bin/ld: /tmp/cct4njXo.o: in function `main':
/home/diogo/galapagos/use_cases/alsa-lib/conftest.c:68: undefined reference to `shl_load'
collect2: error: ld returned 1 exit status
configure:12520: $? = 1
configure: failed program was:
| /* confdefs.h */
| #define PACKAGE_NAME "alsa-lib"
| #define PACKAGE_TARNAME "alsa-lib"
| #define PACKAGE_VERSION "1.2.11"
| #define PACKAGE_STRING "alsa-lib 1.2.11"
| #define PACKAGE_BUGREPORT ""
| #define PACKAGE_URL ""
| #define PACKAGE "alsa-lib"
| #define VERSION "1.2.11"
| #define HAVE_STDIO_H 1
| #define HAVE_STDLIB_H 1
| #define HAVE_STRING_H 1
| #define HAVE_INTTYPES_H 1
| #define HAVE_STDINT_H 1
| #define HAVE_STRINGS_H 1
| #define HAVE_SYS_STAT_H 1
| #define HAVE_SYS_TYPES_H 1
| #define HAVE_UNISTD_H 1
| #define HAVE_WCHAR_H 1
| #define HAVE_SYS_TIME_H 1
| #define STDC_HEADERS 1
| #define _ALL_SOURCE 1
| #define _DARWIN_C_SOURCE 1
| #define _GNU_SOURCE 1
| #define _HPUX_ALT_XOPEN_SOCKET_API 1
| #define _NETBSD_SOURCE 1
| #define _OPENBSD_SOURCE 1
| #define _POSIX_PTHREAD_SEMANTICS 1
| #define __STDC_WANT_IEC_60559_ATTRIBS_EXT__ 1
| #define __STDC_WANT_IEC_60559_BFP_EXT__ 1
| #define __STDC_WANT_IEC_60559_DFP_EXT__ 1
| #define __STDC_WANT_IEC_60559_FUNCS_EXT__ 1
| #define __STDC_WANT_IEC_60559_TYPES_EXT__ 1
| #define __STDC_WANT_LIB_EXT2__ 1
| #define __STDC_WANT_MATH_SPEC_FUNCS__ 1
| #define _TANDEM_SOURCE 1
| #define __EXTENSIONS__ 1
| #define HAVE_DLFCN_H 1
| #define LT_OBJDIR ".libs/"
| /* end confdefs.h.  */
| /* Define shl_load to an innocuous variant, in case <limits.h> declares shl_load.
|    For example, HP-UX 11i <limits.h> declares gettimeofday.  */
| #define shl_load innocuous_shl_load
| 
| /* System header to define __stub macros and hopefully few prototypes,
|    which can conflict with char shl_load (); below.  */
| 
| #include <limits.h>
| #undef shl_load
| 
| /* Override any GCC internal prototype to avoid an error.
|    Use char because int might match the return type of a GCC
|    builtin and then its argument prototype would still apply.  */
| #ifdef __cplusplus
| extern "C"
| #endif
| char shl_load ();
| /* The GNU C library defines this for functions which it implements
|     to always fail with ENOSYS.  Some functions are actually named
|     something starting with __ and the normal name is an alias.  */
| #if defined __stub_shl_load || defined __stub___shl_load
| choke me
| #endif
| 
| int
| main (void)
| {
| return shl_load ();
|   ;
|   return 0;
| }
configure:12520: result: no
configure:12525: checking for shl_load in -ldld
configure:12548: gcc -o conftest  -O2 -Wall -W -Wunused-const-variable=0 -pipe -g    conftest.c -ldld   >&5
/usr/bin/ld: cannot find -ldld: No such file or directory
collect2: error: ld returned 1 exit status
configure:12548: $? = 1
configure: failed program was:
| /* confdefs.h */
| #define PACKAGE_NAME "alsa-lib"
| #define PACKAGE_TARNAME "alsa-lib"
| #define PACKAGE_VERSION "1.2.11"
| #define PACKAGE_STRING "alsa-lib 1.2.11"
| #define PACKAGE_BUGREPORT ""
| #define PACKAGE_URL ""
| #define PACKAGE "alsa-lib"
| #define VERSION "1.2.11"
| #define HAVE_STDIO_H 1
| #define HAVE_STDLIB_H 1
| #define HAVE_STRING_H 1
| #define HAVE_INTTYPES_H 1
| #define HAVE_STDINT_H 1
| #define HAVE_STRINGS_H 1
| #define HAVE_SYS_STAT_H 1
| #define HAVE_SYS_TYPES_H 1
| #define HAVE_UNISTD_H 1
| #define HAVE_WCHAR_H 1
| #define HAVE_SYS_TIME_H 1
| #define STDC_HEADERS 1
| #define _ALL_SOURCE 1
| #define _DARWIN_C_SOURCE 1
| #define _GNU_SOURCE 1
| #define _HPUX_ALT_XOPEN_SOCKET_API 1
| #define _NETBSD_SOURCE 1
| #define _OPENBSD_SOURCE 1
| #define _POSIX_PTHREAD_SEMANTICS 1
| #define __STDC_WANT_IEC_60559_ATTRIBS_EXT__ 1
| #define __STDC_WANT_IEC_60559_BFP_EXT__ 1
| #define __STDC_WANT_IEC_60559_DFP_EXT__ 1
| #define __STDC_WANT_IEC_60559_FUNCS_EXT__ 1
| #define __STDC_WANT_IEC_60559_TYPES_EXT__ 1
| #define __STDC_WANT_LIB_EXT2__ 1
| #define __STDC_WANT_MATH_SPEC_FUNCS__ 1
| #define _TANDEM_SOURCE 1
| #define __EXTENSIONS__ 1
| #define HAVE_DLFCN_H 1
| #define LT_OBJDIR ".libs/"
| /* end confdefs.h.  */
| 
| /* Override any GCC internal prototype to avoid an error.
|    Use char because int might match the return type of a GCC
|    builtin and then its argument prototype would still apply.  */
| char shl_load ();
| int
| main (void)
| {
| return shl_load ();
|   ;
|   return 0;
| }
configure:12558: result: no
configure:12564: checking for dlopen
configure:12564: gcc -o conftest  -O2 -Wall -W -Wunused-const-variable=0 -pipe -g    conftest.c  >&5
configure:12564: $? = 0
configure:12564: result: yes
configure:12722: checking whether a program can dlopen itself
configure:12803: gcc -o conftest  -O2 -Wall -W -Wunused-const-variable=0 -pipe -g   -DHAVE_DLFCN_H  -Wl,--export-dynamic conftest.c   >&5
configure:12806: $? = 0
configure:12824: result: yes
configure:12829: checking whether a statically linked program can dlopen itself
configure:12910: gcc -o conftest  -O2 -Wall -W -Wunused-const-variable=0 -pipe -g   -DHAVE_DLFCN_H  -Wl,--export-dynamic -static conftest.c   >&5
/usr/bin/ld: /tmp/ccsOABph.o: in function `main':
/home/diogo/galapagos/use_cases/alsa-lib/configure:12889: warning: Using 'dlopen' in statically linked applications requires at runtime the shared libraries from the glibc version used for linking
configure:12913: $? = 0
conftest: undefined symbol: _fnord
configure:12931: result: no
configure:12970: checking whether stripping libraries is possible
configure:12975: result: yes
configure:13010: checking if libtool supports shared libraries
configure:13012: result: yes
configure:13015: checking whether to build shared libraries
configure:13040: result: yes
configure:13043: checking whether to build static libraries
configure:13047: result: no
configure:13097: checking if gcc supports -Wl,--no-undefined flag
configure:13109: gcc -o conftest  -O2 -Wall -W -Wunused-const-variable=0 -pipe -g    -Wl,--no-undefined conftest.c  >&5
configure:13109: $? = 0
configure:13121: result: yes
configure:13097: checking if gcc supports -Wl,-z,defs flag
configure:13109: gcc -o conftest  -O2 -Wall -W -Wunused-const-variable=0 -pipe -g    -Wl,-z,defs conftest.c  >&5
configure:13109: $? = 0
configure:13121: result: yes
configure:13140: checking for egrep
configure:13208: result: /usr/bin/grep -E
configure:13217: checking for an ANSI C-conforming const
configure:13284: gcc -c  -O2 -Wall -W -Wunused-const-variable=0 -pipe -g   conftest.c >&5
configure:13284: $? = 0
configure:13292: result: yes
configure:13300: checking for inline
configure:13317: gcc -c  -O2 -Wall -W -Wunused-const-variable=0 -pipe -g   conftest.c >&5
configure:13317: $? = 0
configure:13326: result: inline
configure:13374: gcc -c -O0 -Werror  conftest.c >&5
configure:13374: $? = 0
configure:13395: checking whether gcc needs -traditional
configure:13432: result: no
configure:13439: checking for uselocale
configure:13439: gcc -o conftest  -O2 -Wall -W -Wunused-const-variable=0 -pipe -g    conftest.c  >&5
configure:13439: $? = 0
configure:13439: result: yes
configure:13446: checking for eaccess
configure:13446: gcc -o conftest  -O2 -Wall -W -Wunused-const-variable=0 -pipe -g    conftest.c  >&5
configure:13446: $? = 0
configure:13446: result: yes
configure:13462: checking for special C compiler options needed for large files
configure:13510: result: no
configure:13516: checking for _FILE_OFFSET_BITS value needed for large files
configure:13542: gcc -c  -O2 -Wall -W -Wunused-const-variable=0 -pipe -g   conftest.c >&5
configure:13542: $? = 0
configure:13576: result: no
configure:13660: checking for library version
configure:13683: result: major 1 minor 2 subminor 11 extrastr  extraver 1000000
configure:13771: checking for versioned symbols
configure:13799: result: yes
configure:13818: checking for symbolic-functions
configure:13838: result: no
configure:13850: checking for custom symbol prefixes
configure:13861: result: 
configure:13864: checking for debug
configure:13876: result: yes
configure:13887: checking for debug assert
configure:13904: result: no
configure:13909: checking for tmpdir
configure:13920: result: /tmp
configure:13926: checking for softfloat
configure:13945: result: no
configure:13954: checking for LFS calls
configure:13967: gcc -o conftest  -O2 -Wall -W -Wunused-const-variable=0 -pipe -g    conftest.c  >&5
conftest.c: In function 'main':
conftest.c:56:17: warning: unused variable 'a' [-Wunused-variable]
   56 | struct dirent64 a;
      |                 ^
configure:13967: $? = 0
configure:13976: result: yes
configure:13986: checking for libdl
configure:13999: checking for library containing dlsym
configure:14029: gcc -o conftest  -O2 -Wall -W -Wunused-const-variable=0 -pipe -g    conftest.c  >&5
configure:14029: $? = 0
configure:14049: result: none required
configure:14076: checking for pthread
configure:14088: checking for pthread_join in -lpthread
configure:14111: gcc -o conftest  -O2 -Wall -W -Wunused-const-variable=0 -pipe -g    conftest.c -lpthread   >&5
configure:14111: $? = 0
configure:14121: result: yes
configure:14140: checking for gcc options needed to detect all undeclared functions
configure:14162: gcc -c  -O2 -Wall -W -Wunused-const-variable=0 -pipe -g    conftest.c >&5
conftest.c: In function 'main':
conftest.c:59:8: error: 'strchr' undeclared (first use in this function)
   59 | (void) strchr;
      |        ^~~~~~
conftest.c:1:1: note: 'strchr' is defined in header '<string.h>'; did you forget to '#include <string.h>'?
    1 | /* confdefs.h */
conftest.c:59:8: note: each undeclared identifier is reported only once for each function it appears in
   59 | (void) strchr;
      |        ^~~~~~
configure:14162: $? = 1
configure: failed program was:
| /* confdefs.h */
| #define PACKAGE_NAME "alsa-lib"
| #define PACKAGE_TARNAME "alsa-lib"
| #define PACKAGE_VERSION "1.2.11"
| #define PACKAGE_STRING "alsa-lib 1.2.11"
| #define PACKAGE_BUGREPORT ""
| #define PACKAGE_URL ""
| #define PACKAGE "alsa-lib"
| #define VERSION "1.2.11"
| #define HAVE_STDIO_H 1
| #define HAVE_STDLIB_H 1
| #define HAVE_STRING_H 1
| #define HAVE_INTTYPES_H 1
| #define HAVE_STDINT_H 1
| #define HAVE_STRINGS_H 1
| #define HAVE_SYS_STAT_H 1
| #define HAVE_SYS_TYPES_H 1
| #define HAVE_UNISTD_H 1
| #define HAVE_WCHAR_H 1
| #define HAVE_SYS_TIME_H 1
| #define STDC_HEADERS 1
| #define _ALL_SOURCE 1
| #define _DARWIN_C_SOURCE 1
| #define _GNU_SOURCE 1
| #define _HPUX_ALT_XOPEN_SOCKET_API 1
| #define _NETBSD_SOURCE 1
| #define _OPENBSD_SOURCE 1
| #define _POSIX_PTHREAD_SEMANTICS 1
| #define __STDC_WANT_IEC_60559_ATTRIBS_EXT__ 1
| #define __STDC_WANT_IEC_60559_BFP_EXT__ 1
| #define __STDC_WANT_IEC_60559_DFP_EXT__ 1
| #define __STDC_WANT_IEC_60559_FUNCS_EXT__ 1
| #define __STDC_WANT_IEC_60559_TYPES_EXT__ 1
| #define __STDC_WANT_LIB_EXT2__ 1
| #define __STDC_WANT_MATH_SPEC_FUNCS__ 1
| #define _TANDEM_SOURCE 1
| #define __EXTENSIONS__ 1
| #define HAVE_DLFCN_H 1
| #define LT_OBJDIR ".libs/"
| #define TIME_WITH_SYS_TIME 1
| #define HAVE_ATTRIBUTE_SYMVER 1
| #define HAVE_USELOCALE 1
| #define HAVE_EACCESS 1
| #define VERSION "1.2.11"
| #define ALSA_CONFIG_DIR "/usr/share/alsa"
| #define ALSA_PLUGIN_DIR "/usr/lib64/alsa-lib"
| #define ALSA_PKGCONF_DIR "/usr/lib64/pkgconfig"
| #define VERSIONED_SYMBOLS /**/
| #define __SYMBOL_PREFIX ""
| #define TMPDIR "/tmp"
| #define HAVE_LFS 1
| #define HAVE_LIBDL 1
| #define HAVE_LIBPTHREAD 1
| /* end confdefs.h.  */
| 
| int
| main (void)
| {
| (void) strchr;
|   ;
|   return 0;
| }
configure:14189: gcc -c  -O2 -Wall -W -Wunused-const-variable=0 -pipe -g    conftest.c >&5
configure:14189: $? = 0
configure:14206: result: none needed
configure:14220: checking whether PTHREAD_MUTEX_RECURSIVE is declared
configure:14220: gcc -c  -O2 -Wall -W -Wunused-const-variable=0 -pipe -g    conftest.c >&5
configure:14220: $? = 0
configure:14220: result: yes
configure:14230: checking for __thread
configure:14245: gcc -o conftest  -O2 -Wall -W -Wunused-const-variable=0 -pipe -g    conftest.c  >&5
conftest.c: In function 'main':
conftest.c:62:21: warning: unused variable 'p' [-Wunused-variable]
   62 | static __thread int p = 0
      |                     ^
At top level:
conftest.c:62:21: warning: 'p' defined but not used [-Wunused-variable]
configure:14245: $? = 0
configure:14250: result: yes
configure:14259: checking for librt
configure:14271: checking for clock_gettime in -lrt
configure:14294: gcc -o conftest  -O2 -Wall -W -Wunused-const-variable=0 -pipe -g    conftest.c -lrt   >&5
configure:14294: $? = 0
configure:14304: result: yes
configure:14327: checking for use of wordexp
configure:14354: result: no
configure:14358: checking for endian.h
configure:14358: gcc -c  -O2 -Wall -W -Wunused-const-variable=0 -pipe -g   conftest.c >&5
configure:14358: $? = 0
configure:14358: result: yes
configure:14364: checking for sys/endian.h
configure:14364: gcc -c  -O2 -Wall -W -Wunused-const-variable=0 -pipe -g   conftest.c >&5
conftest.c:88:10: fatal error: sys/endian.h: No such file or directory
   88 | #include <sys/endian.h>
      |          ^~~~~~~~~~~~~~
compilation terminated.
configure:14364: $? = 1
configure: failed program was:
| /* confdefs.h */
| #define PACKAGE_NAME "alsa-lib"
| #define PACKAGE_TARNAME "alsa-lib"
| #define PACKAGE_VERSION "1.2.11"
| #define PACKAGE_STRING "alsa-lib 1.2.11"
| #define PACKAGE_BUGREPORT ""
| #define PACKAGE_URL ""
| #define PACKAGE "alsa-lib"
| #define VERSION "1.2.11"
| #define HAVE_STDIO_H 1
| #define HAVE_STDLIB_H 1
| #define HAVE_STRING_H 1
| #define HAVE_INTTYPES_H 1
| #define HAVE_STDINT_H 1
| #define HAVE_STRINGS_H 1
| #define HAVE_SYS_STAT_H 1
| #define HAVE_SYS_TYPES_H 1
| #define HAVE_UNISTD_H 1
| #define HAVE_WCHAR_H 1
| #define HAVE_SYS_TIME_H 1
| #define STDC_HEADERS 1
| #define _ALL_SOURCE 1
| #define _DARWIN_C_SOURCE 1
| #define _GNU_SOURCE 1
| #define _HPUX_ALT_XOPEN_SOCKET_API 1
| #define _NETBSD_SOURCE 1
| #define _OPENBSD_SOURCE 1
| #define _POSIX_PTHREAD_SEMANTICS 1
| #define __STDC_WANT_IEC_60559_ATTRIBS_EXT__ 1
| #define __STDC_WANT_IEC_60559_BFP_EXT__ 1
| #define __STDC_WANT_IEC_60559_DFP_EXT__ 1
| #define __STDC_WANT_IEC_60559_FUNCS_EXT__ 1
| #define __STDC_WANT_IEC_60559_TYPES_EXT__ 1
| #define __STDC_WANT_LIB_EXT2__ 1
| #define __STDC_WANT_MATH_SPEC_FUNCS__ 1
| #define _TANDEM_SOURCE 1
| #define __EXTENSIONS__ 1
| #define HAVE_DLFCN_H 1
| #define LT_OBJDIR ".libs/"
| #define TIME_WITH_SYS_TIME 1
| #define HAVE_ATTRIBUTE_SYMVER 1
| #define HAVE_USELOCALE 1
| #define HAVE_EACCESS 1
| #define VERSION "1.2.11"
| #define ALSA_CONFIG_DIR "/usr/share/alsa"
| #define ALSA_PLUGIN_DIR "/usr/lib64/alsa-lib"
| #define ALSA_PKGCONF_DIR "/usr/lib64/pkgconfig"
| #define VERSIONED_SYMBOLS /**/
| #define __SYMBOL_PREFIX ""
| #define TMPDIR "/tmp"
| #define HAVE_LFS 1
| #define HAVE_LIBDL 1
| #define HAVE_LIBPTHREAD 1
| #define HAVE_PTHREAD_MUTEX_RECURSIVE /**/
| #define HAVE___THREAD 1
| #define HAVE_LIBRT 1
| #define HAVE_CLOCK_GETTIME 1
| #define HAVE_ENDIAN_H 1
| /* end confdefs.h.  */
| #include <stddef.h>
| #ifdef HAVE_STDIO_H
| # include <stdio.h>
| #endif
| #ifdef HAVE_STDLIB_H
| # include <stdlib.h>
| #endif
| #ifdef HAVE_STRING_H
| # include <string.h>
| #endif
| #ifdef HAVE_INTTYPES_H
| # include <inttypes.h>
| #endif
| #ifdef HAVE_STDINT_H
| # include <stdint.h>
| #endif
| #ifdef HAVE_STRINGS_H
| # include <strings.h>
| #endif
| #ifdef HAVE_SYS_TYPES_H
| # include <sys/types.h>
| #endif
| #ifdef HAVE_SYS_STAT_H
| # include <sys/stat.h>
| #endif
| #ifdef HAVE_UNISTD_H
| # include <unistd.h>
| #endif
| #include <sys/endian.h>
configure:14364: result: no
configure:14370: checking for sys/shm.h
configure:14370: gcc -c  -O2 -Wall -W -Wunused-const-variable=0 -pipe -g   conftest.c >&5
configure:14370: $? = 0
configure:14370: result: yes
configure:14376: checking for malloc.h
configure:14376: gcc -c  -O2 -Wall -W -Wunused-const-variable=0 -pipe -g   conftest.c >&5
configure:14376: $? = 0
configure:14376: result: yes
configure:14384: checking for resmgr support
configure:14394: result: no
configure:14447: checking for aload* support
configure:14457: result: no
configure:14465: checking for ALSA device file directory
configure:14482: result: /dev/snd/
configure:14485: checking for aload* device file directory
configure:14502: result: /dev/
configure:14805: checking whether GCC supports builtin atomic intrinsics
configure:14823: gcc -o conftest  -O2 -Wall -W -Wunused-const-variable=0 -pipe -g    conftest.c  >&5
conftest.c: In function 'main':
conftest.c:76:6: warning: 'i' is used uninitialized [-Wuninitialized]
   76 |      __atomic_load_n(&i, __ATOMIC_SEQ_CST);
      |      ^~~~~~~~~~~~~~~
<built-in>: note: by argument 1 of type 'const volatile void *' to '__atomic_load_4' declared here
conftest.c:75:5: note: 'i' declared here
   75 | int i;
      |     ^
configure:14823: $? = 0
configure:14832: result: yes
configure:14847: gcc -o conftest  -O2 -Wall -W -Wunused-const-variable=0 -pipe -g    conftest.c  >&5
configure:14847: $? = 0
configure:15176: checking for default lockless dmix
configure:15193: result: no
configure:15279: checking for max number of cards
configure:15290: result: 32
configure:15303: checking for thread-safe API functions
configure:15314: result: yes
configure:15435: checking that generated files are newer than configure
configure:15441: result: done
configure:15656: creating ./config.status

## ---------------------- ##
## Running config.status. ##
## ---------------------- ##

This file was extended by alsa-lib config.status 1.2.11, which was
generated by GNU Autoconf 2.71.  Invocation command line was

  CONFIG_FILES    = 
  CONFIG_HEADERS  = 
  CONFIG_LINKS    = 
  CONFIG_COMMANDS = 
  $ ./config.status 

on repairnator

config.status:1284: creating Makefile
config.status:1284: creating doc/Makefile
config.status:1284: creating doc/pictures/Makefile
config.status:1284: creating doc/doxygen.cfg
config.status:1284: creating include/Makefile
config.status:1284: creating include/sound/Makefile
config.status:1284: creating include/sound/uapi/Makefile
config.status:1284: creating src/Versions.in
config.status:1284: creating src/Makefile
config.status:1284: creating src/control/Makefile
config.status:1284: creating src/mixer/Makefile
config.status:1284: creating src/pcm/Makefile
config.status:1284: creating src/pcm/scopes/Makefile
config.status:1284: creating src/rawmidi/Makefile
config.status:1284: creating src/timer/Makefile
config.status:1284: creating src/hwdep/Makefile
config.status:1284: creating src/seq/Makefile
config.status:1284: creating src/ucm/Makefile
config.status:1284: creating src/alisp/Makefile
config.status:1284: creating src/topology/Makefile
config.status:1284: creating src/conf/Makefile
config.status:1284: creating src/conf/cards/Makefile
config.status:1284: creating src/conf/ctl/Makefile
config.status:1284: creating src/conf/pcm/Makefile
config.status:1284: creating modules/Makefile
config.status:1284: creating modules/mixer/Makefile
config.status:1284: creating modules/mixer/simple/Makefile
config.status:1284: creating alsalisp/Makefile
config.status:1284: creating aserver/Makefile
config.status:1284: creating test/Makefile
config.status:1284: creating test/lsb/Makefile
config.status:1284: creating utils/Makefile
config.status:1284: creating utils/alsa-lib.spec
config.status:1284: creating utils/alsa.pc
config.status:1284: creating utils/alsa-topology.pc
config.status:1284: creating include/config.h
config.status:1465: include/config.h is unchanged
config.status:1513: executing depfiles commands
config.status:1590: cd src       && sed -e '/# am--include-marker/d' Makefile         | make -f - am--depfiles
make: Nothing to be done for 'am--depfiles'.
config.status:1595: $? = 0
config.status:1590: cd src/control       && sed -e '/# am--include-marker/d' Makefile         | make -f - am--depfiles
make: Nothing to be done for 'am--depfiles'.
config.status:1595: $? = 0
config.status:1590: cd src/mixer       && sed -e '/# am--include-marker/d' Makefile         | make -f - am--depfiles
make: Nothing to be done for 'am--depfiles'.
config.status:1595: $? = 0
config.status:1590: cd src/pcm       && sed -e '/# am--include-marker/d' Makefile         | make -f - am--depfiles
make: Nothing to be done for 'am--depfiles'.
config.status:1595: $? = 0
config.status:1590: cd src/pcm/scopes       && sed -e '/# am--include-marker/d' Makefile         | make -f - am--depfiles
make: Nothing to be done for 'am--depfiles'.
config.status:1595: $? = 0
config.status:1590: cd src/rawmidi       && sed -e '/# am--include-marker/d' Makefile         | make -f - am--depfiles
make: Nothing to be done for 'am--depfiles'.
config.status:1595: $? = 0
config.status:1590: cd src/timer       && sed -e '/# am--include-marker/d' Makefile         | make -f - am--depfiles
make: Nothing to be done for 'am--depfiles'.
config.status:1595: $? = 0
config.status:1590: cd src/hwdep       && sed -e '/# am--include-marker/d' Makefile         | make -f - am--depfiles
make: Nothing to be done for 'am--depfiles'.
config.status:1595: $? = 0
config.status:1590: cd src/seq       && sed -e '/# am--include-marker/d' Makefile         | make -f - am--depfiles
make: Nothing to be done for 'am--depfiles'.
config.status:1595: $? = 0
config.status:1590: cd src/ucm       && sed -e '/# am--include-marker/d' Makefile         | make -f - am--depfiles
make: Nothing to be done for 'am--depfiles'.
config.status:1595: $? = 0
config.status:1590: cd src/alisp       && sed -e '/# am--include-marker/d' Makefile         | make -f - am--depfiles
make: Nothing to be done for 'am--depfiles'.
config.status:1595: $? = 0
config.status:1590: cd src/topology       && sed -e '/# am--include-marker/d' Makefile         | make -f - am--depfiles
make: Nothing to be done for 'am--depfiles'.
config.status:1595: $? = 0
config.status:1590: cd modules/mixer/simple       && sed -e '/# am--include-marker/d' Makefile         | make -f - am--depfiles
make: Nothing to be done for 'am--depfiles'.
config.status:1595: $? = 0
config.status:1590: cd alsalisp       && sed -e '/# am--include-marker/d' Makefile         | make -f - am--depfiles
make: Nothing to be done for 'am--depfiles'.
config.status:1595: $? = 0
config.status:1590: cd aserver       && sed -e '/# am--include-marker/d' Makefile         | make -f - am--depfiles
make: Nothing to be done for 'am--depfiles'.
config.status:1595: $? = 0
config.status:1590: cd test       && sed -e '/# am--include-marker/d' Makefile         | make -f - am--depfiles
make: Nothing to be done for 'am--depfiles'.
config.status:1595: $? = 0
config.status:1590: cd test/lsb       && sed -e '/# am--include-marker/d' Makefile         | make -f - am--depfiles
make: Nothing to be done for 'am--depfiles'.
config.status:1595: $? = 0
config.status:1513: executing libtool commands

## ---------------- ##
## Cache variables. ##
## ---------------- ##

ac_cv_build=x86_64-pc-linux-gnu
ac_cv_c_compiler_gnu=yes
ac_cv_c_const=yes
ac_cv_c_inline=inline
ac_cv_c_undeclared_builtin_options='none needed'
ac_cv_env_CC_set=
ac_cv_env_CC_value=
ac_cv_env_CFLAGS_set=set
ac_cv_env_CFLAGS_value=' -O2 -Wall -W -Wunused-const-variable=0 -pipe -g '
ac_cv_env_CPPFLAGS_set=
ac_cv_env_CPPFLAGS_value=
ac_cv_env_CPP_set=
ac_cv_env_CPP_value=
ac_cv_env_LDFLAGS_set=
ac_cv_env_LDFLAGS_value=
ac_cv_env_LIBS_set=
ac_cv_env_LIBS_value=
ac_cv_env_LT_SYS_LIBRARY_PATH_set=
ac_cv_env_LT_SYS_LIBRARY_PATH_value=
ac_cv_env_build_alias_set=
ac_cv_env_build_alias_value=
ac_cv_env_host_alias_set=
ac_cv_env_host_alias_value=
ac_cv_env_target_alias_set=
ac_cv_env_target_alias_value=
ac_cv_func_dlopen=yes
ac_cv_func_eaccess=yes
ac_cv_func_shl_load=no
ac_cv_func_uselocale=yes
ac_cv_have_decl_PTHREAD_MUTEX_RECURSIVE=yes
ac_cv_header_dlfcn_h=yes
ac_cv_header_endian_h=yes
ac_cv_header_inttypes_h=yes
ac_cv_header_malloc_h=yes
ac_cv_header_minix_config_h=no
ac_cv_header_stdint_h=yes
ac_cv_header_stdio_h=yes
ac_cv_header_stdlib_h=yes
ac_cv_header_string_h=yes
ac_cv_header_strings_h=yes
ac_cv_header_sys_endian_h=no
ac_cv_header_sys_shm_h=yes
ac_cv_header_sys_stat_h=yes
ac_cv_header_sys_time_h=yes
ac_cv_header_sys_types_h=yes
ac_cv_header_unistd_h=yes
ac_cv_header_wchar_h=yes
ac_cv_host=x86_64-pc-linux-gnu
ac_cv_lib_dld_shl_load=no
ac_cv_lib_pthread_pthread_join=yes
ac_cv_lib_rt_clock_gettime=yes
ac_cv_objext=o
ac_cv_path_EGREP='/usr/bin/grep -E'
ac_cv_path_FGREP='/usr/bin/grep -F'
ac_cv_path_GREP=/usr/bin/grep
ac_cv_path_SED=/usr/bin/sed
ac_cv_path_install='/usr/bin/install -c'
ac_cv_path_lt_DD=/usr/bin/dd
ac_cv_path_mkdir=/usr/bin/mkdir
ac_cv_prog_AWK=gawk
ac_cv_prog_CPP='gcc -E'
ac_cv_prog_ac_ct_AR=ar
ac_cv_prog_ac_ct_CC=gcc
ac_cv_prog_ac_ct_MANIFEST_TOOL=mt
ac_cv_prog_ac_ct_OBJDUMP=objdump
ac_cv_prog_ac_ct_RANLIB=ranlib
ac_cv_prog_ac_ct_STRIP=strip
ac_cv_prog_cc_c11=
ac_cv_prog_cc_g=yes
ac_cv_prog_cc_stdc=
ac_cv_prog_gcc_traditional=no
ac_cv_prog_make_make_set=yes
ac_cv_safe_to_define___extensions__=yes
ac_cv_search_dlsym='none required'
ac_cv_should_define__xopen_source=no
ac_cv_sys_file_offset_bits=no
ac_cv_sys_largefile_CC=no
am_cv_CC_dependencies_compiler_type=gcc3
am_cv_make_support_nested_variables=yes
am_cv_prog_cc_c_o=yes
cc_cv_ldflags__Wl___no_undefined=yes
cc_cv_ldflags__Wl__z_defs=yes
lt_cv_ar_at_file=@
lt_cv_archive_cmds_need_lc=no
lt_cv_deplibs_check_method=pass_all
lt_cv_dlopen=dlopen
lt_cv_dlopen_libs=
lt_cv_dlopen_self=yes
lt_cv_dlopen_self_static=no
lt_cv_file_magic_cmd='$MAGIC_CMD'
lt_cv_file_magic_test_file=
lt_cv_ld_reload_flag=-r
lt_cv_nm_interface='BSD nm'
lt_cv_objdir=.libs
lt_cv_path_LD=/usr/bin/ld
lt_cv_path_NM='/usr/bin/nm -B'
lt_cv_path_mainfest_tool=no
lt_cv_prog_compiler_c_o=yes
lt_cv_prog_compiler_pic='-fPIC -DPIC'
lt_cv_prog_compiler_pic_works=yes
lt_cv_prog_compiler_rtti_exceptions=no
lt_cv_prog_compiler_static_works=yes
lt_cv_prog_gnu_ld=yes
lt_cv_sharedlib_from_linklib_cmd='printf %s\n'
lt_cv_shlibpath_overrides_runpath=yes
lt_cv_sys_global_symbol_pipe='sed -n -e '\''s/^.*[	 ]\([ABCDGIRSTW][ABCDGIRSTW]*\)[	 ][	 ]*\([_A-Za-z][_A-Za-z0-9]*\)$/\1 \2 \2/p'\'' | sed '\''/ __gnu_lto/d'\'''
lt_cv_sys_global_symbol_to_c_name_address='sed -n -e '\''s/^: \(.*\) .*$/  {"\1", (void *) 0},/p'\'' -e '\''s/^[ABCDGIRSTW][ABCDGIRSTW]* .* \(.*\)$/  {"\1", (void *) \&\1},/p'\'''
lt_cv_sys_global_symbol_to_c_name_address_lib_prefix='sed -n -e '\''s/^: \(.*\) .*$/  {"\1", (void *) 0},/p'\'' -e '\''s/^[ABCDGIRSTW][ABCDGIRSTW]* .* \(lib.*\)$/  {"\1", (void *) \&\1},/p'\'' -e '\''s/^[ABCDGIRSTW][ABCDGIRSTW]* .* \(.*\)$/  {"lib\1", (void *) \&\1},/p'\'''
lt_cv_sys_global_symbol_to_cdecl='sed -n -e '\''s/^T .* \(.*\)$/extern int \1();/p'\'' -e '\''s/^[ABCDGIRSTW][ABCDGIRSTW]* .* \(.*\)$/extern char \1;/p'\'''
lt_cv_sys_global_symbol_to_import=
lt_cv_sys_max_cmd_len=1572864
lt_cv_to_host_file_cmd=func_convert_file_noop
lt_cv_to_tool_file_cmd=func_convert_file_noop
lt_cv_truncate_bin='/usr/bin/dd bs=4096 count=1'

## ----------------- ##
## Output variables. ##
## ----------------- ##

ACLOCAL='${SHELL} '\''/home/diogo/galapagos/use_cases/alsa-lib/missing'\'' aclocal-1.16'
ALSA_CONFIG_DIR='/usr/share/alsa'
ALSA_DEPLIBS='-lm -lpthread -lrt'
ALSA_PKGCONF_DIR='/usr/lib64/pkgconfig'
ALSA_PLUGIN_DIR='/usr/lib64/alsa-lib'
AMDEPBACKSLASH='\'
AMDEP_FALSE='#'
AMDEP_TRUE=''
AMTAR='$${TAR-tar}'
AM_BACKSLASH='\'
AM_DEFAULT_V='$(AM_DEFAULT_VERBOSITY)'
AM_DEFAULT_VERBOSITY='0'
AM_V='$(V)'
AR='ar'
AUTOCONF='${SHELL} '\''/home/diogo/galapagos/use_cases/alsa-lib/missing'\'' autoconf'
AUTOHEADER='${SHELL} '\''/home/diogo/galapagos/use_cases/alsa-lib/missing'\'' autoheader'
AUTOMAKE='${SHELL} '\''/home/diogo/galapagos/use_cases/alsa-lib/missing'\'' automake-1.16'
AWK='gawk'
BUILD_ALISP_FALSE=''
BUILD_ALISP_TRUE='#'
BUILD_CTL_PLUGIN_EXT_FALSE='#'
BUILD_CTL_PLUGIN_EXT_TRUE=''
BUILD_CTL_PLUGIN_FALSE='#'
BUILD_CTL_PLUGIN_REMAP_FALSE='#'
BUILD_CTL_PLUGIN_REMAP_TRUE=''
BUILD_CTL_PLUGIN_SHM_FALSE='#'
BUILD_CTL_PLUGIN_SHM_TRUE=''
BUILD_CTL_PLUGIN_TRUE=''
BUILD_HWDEP_FALSE='#'
BUILD_HWDEP_TRUE=''
BUILD_MIXER_FALSE='#'
BUILD_MIXER_MODULES_FALSE=''
BUILD_MIXER_MODULES_TRUE='#'
BUILD_MIXER_PYMODULES_FALSE=''
BUILD_MIXER_PYMODULES_TRUE='#'
BUILD_MIXER_TRUE=''
BUILD_MODULES_FALSE='#'
BUILD_MODULES_TRUE=''
BUILD_PCM_FALSE='#'
BUILD_PCM_PLUGIN_ADPCM_FALSE='#'
BUILD_PCM_PLUGIN_ADPCM_TRUE=''
BUILD_PCM_PLUGIN_ALAW_FALSE='#'
BUILD_PCM_PLUGIN_ALAW_TRUE=''
BUILD_PCM_PLUGIN_ASYM_FALSE='#'
BUILD_PCM_PLUGIN_ASYM_TRUE=''
BUILD_PCM_PLUGIN_COPY_FALSE='#'
BUILD_PCM_PLUGIN_COPY_TRUE=''
BUILD_PCM_PLUGIN_DMIX_FALSE='#'
BUILD_PCM_PLUGIN_DMIX_TRUE=''
BUILD_PCM_PLUGIN_DSHARE_FALSE='#'
BUILD_PCM_PLUGIN_DSHARE_TRUE=''
BUILD_PCM_PLUGIN_DSNOOP_FALSE='#'
BUILD_PCM_PLUGIN_DSNOOP_TRUE=''
BUILD_PCM_PLUGIN_EMPTY_FALSE='#'
BUILD_PCM_PLUGIN_EMPTY_TRUE=''
BUILD_PCM_PLUGIN_EXTPLUG_FALSE='#'
BUILD_PCM_PLUGIN_EXTPLUG_TRUE=''
BUILD_PCM_PLUGIN_FALSE='#'
BUILD_PCM_PLUGIN_FILE_FALSE='#'
BUILD_PCM_PLUGIN_FILE_TRUE=''
BUILD_PCM_PLUGIN_HOOKS_FALSE='#'
BUILD_PCM_PLUGIN_HOOKS_TRUE=''
BUILD_PCM_PLUGIN_IEC958_FALSE='#'
BUILD_PCM_PLUGIN_IEC958_TRUE=''
BUILD_PCM_PLUGIN_IOPLUG_FALSE='#'
BUILD_PCM_PLUGIN_IOPLUG_TRUE=''
BUILD_PCM_PLUGIN_LADSPA_FALSE='#'
BUILD_PCM_PLUGIN_LADSPA_TRUE=''
BUILD_PCM_PLUGIN_LFLOAT_FALSE='#'
BUILD_PCM_PLUGIN_LFLOAT_TRUE=''
BUILD_PCM_PLUGIN_LINEAR_FALSE='#'
BUILD_PCM_PLUGIN_LINEAR_TRUE=''
BUILD_PCM_PLUGIN_METER_FALSE='#'
BUILD_PCM_PLUGIN_METER_TRUE=''
BUILD_PCM_PLUGIN_MMAP_EMUL_FALSE='#'
BUILD_PCM_PLUGIN_MMAP_EMUL_TRUE=''
BUILD_PCM_PLUGIN_MULAW_FALSE='#'
BUILD_PCM_PLUGIN_MULAW_TRUE=''
BUILD_PCM_PLUGIN_MULTI_FALSE='#'
BUILD_PCM_PLUGIN_MULTI_TRUE=''
BUILD_PCM_PLUGIN_NULL_FALSE='#'
BUILD_PCM_PLUGIN_NULL_TRUE=''
BUILD_PCM_PLUGIN_PLUG_FALSE='#'
BUILD_PCM_PLUGIN_PLUG_TRUE=''
BUILD_PCM_PLUGIN_RATE_FALSE='#'
BUILD_PCM_PLUGIN_RATE_TRUE=''
BUILD_PCM_PLUGIN_ROUTE_FALSE='#'
BUILD_PCM_PLUGIN_ROUTE_TRUE=''
BUILD_PCM_PLUGIN_SHARE_FALSE='#'
BUILD_PCM_PLUGIN_SHARE_TRUE=''
BUILD_PCM_PLUGIN_SHM_FALSE='#'
BUILD_PCM_PLUGIN_SHM_TRUE=''
BUILD_PCM_PLUGIN_SOFTVOL_FALSE='#'
BUILD_PCM_PLUGIN_SOFTVOL_TRUE=''
BUILD_PCM_PLUGIN_TRUE=''
BUILD_PCM_TRUE=''
BUILD_RAWMIDI_FALSE='#'
BUILD_RAWMIDI_TRUE=''
BUILD_SEQ_FALSE='#'
BUILD_SEQ_TRUE=''
BUILD_TOPOLOGY_FALSE='#'
BUILD_TOPOLOGY_TRUE=''
BUILD_UCM_FALSE='#'
BUILD_UCM_TRUE=''
CC='gcc'
CCDEPMODE='depmode=gcc3'
CFLAGS=' -O2 -Wall -W -Wunused-const-variable=0 -pipe -g '
CPP='gcc -E'
CPPFLAGS=''
CSCOPE='cscope'
CTAGS='ctags'
CYGPATH_W='echo'
DEFS='-DHAVE_CONFIG_H'
DEPDIR='.deps'
DLLTOOL='false'
DSYMUTIL=''
DUMPBIN=''
ECHO_C=''
ECHO_N='-n'
ECHO_T=''
EGREP='/usr/bin/grep -E'
ETAGS='etags'
EXEEXT=''
FGREP='/usr/bin/grep -F'
GREP='/usr/bin/grep'
INSTALL_DATA='${INSTALL} -m 644'
INSTALL_M4_FALSE='#'
INSTALL_M4_TRUE=''
INSTALL_PROGRAM='${INSTALL}'
INSTALL_SCRIPT='${INSTALL}'
INSTALL_STRIP_PROGRAM='$(install_sh) -c -s'
KEEP_OLD_SYMBOLS_FALSE='#'
KEEP_OLD_SYMBOLS_TRUE=''
LD='/usr/bin/ld -m elf_x86_64'
LDFLAGS=''
LDFLAGS_NOUNDEFINED='-Wl,-z,defs'
LIBOBJS=''
LIBS=''
LIBTOOL='$(SHELL) $(top_builddir)/libtool'
LIBTOOL_VERSION_INFO='2:0:0'
LIPO=''
LN_S='ln -s'
LTLIBOBJS=''
LT_SYS_LIBRARY_PATH=''
MAINT=''
MAINTAINER_MODE_FALSE='#'
MAINTAINER_MODE_TRUE=''
MAKEINFO='${SHELL} '\''/home/diogo/galapagos/use_cases/alsa-lib/missing'\'' makeinfo'
MANIFEST_TOOL=':'
MKDIR_P='/usr/bin/mkdir -p'
NM='/usr/bin/nm -B'
NMEDIT=''
OBJDUMP='objdump'
OBJEXT='o'
OTOOL64=''
OTOOL=''
PACKAGE='alsa-lib'
PACKAGE_BUGREPORT=''
PACKAGE_NAME='alsa-lib'
PACKAGE_STRING='alsa-lib 1.2.11'
PACKAGE_TARNAME='alsa-lib'
PACKAGE_URL=''
PACKAGE_VERSION='1.2.11'
PATH_SEPARATOR=':'
PYTHON_INCLUDES=''
PYTHON_LIBS=''
RANLIB='ranlib'
SED='/usr/bin/sed'
SET_MAKE=''
SHELL='/bin/bash'
SND_LIB_EXTRAVER='1000000'
SND_LIB_MAJOR='1'
SND_LIB_MINOR='2'
SND_LIB_SUBMINOR='11'
SND_LIB_VERSION='1.2.11'
STRIP='strip'
SYMBOLIC_FUNCTIONS_FALSE=''
SYMBOLIC_FUNCTIONS_TRUE='#'
SYMBOL_PREFIX=''
VERSION='1.2.11'
VERSIONED_SYMBOLS_FALSE='#'
VERSIONED_SYMBOLS_TRUE=''
ac_ct_AR='ar'
ac_ct_CC='gcc'
ac_ct_DUMPBIN=''
am__EXEEXT_FALSE=''
am__EXEEXT_TRUE='#'
am__fastdepCC_FALSE='#'
am__fastdepCC_TRUE=''
am__include='include'
am__isrc=''
am__leading_dot='.'
am__nodep='_no'
am__quote=''
am__tar='$${TAR-tar} chof - "$$tardir"'
am__untar='$${TAR-tar} xf -'
bindir='${exec_prefix}/bin'
build='x86_64-pc-linux-gnu'
build_alias=''
build_cpu='x86_64'
build_os='linux-gnu'
build_vendor='pc'
datadir='${datarootdir}'
datarootdir='${prefix}/share'
docdir='${datarootdir}/doc/${PACKAGE_TARNAME}'
dvidir='${docdir}'
exec_prefix='/usr'
host='x86_64-pc-linux-gnu'
host_alias=''
host_cpu='x86_64'
host_os='linux-gnu'
host_vendor='pc'
htmldir='${docdir}'
includedir='${prefix}/include'
infodir='${datarootdir}/info'
install_sh='${SHELL} /home/diogo/galapagos/use_cases/alsa-lib/install-sh'
libdir='/lib64'
libexecdir='${exec_prefix}/libexec'
localedir='${datarootdir}/locale'
localstatedir='${prefix}/var'
mandir='${datarootdir}/man'
mkdir_p='$(MKDIR_P)'
oldincludedir='/usr/include'
pdfdir='${docdir}'
prefix='/usr'
program_transform_name='s,x,x,'
psdir='${docdir}'
runstatedir='${localstatedir}/run'
sbindir='${exec_prefix}/sbin'
sharedstatedir='${prefix}/com'
sysconfdir='${prefix}/etc'
target_alias=''

## ----------- ##
## confdefs.h. ##
## ----------- ##

/* confdefs.h */
#define PACKAGE_NAME "alsa-lib"
#define PACKAGE_TARNAME "alsa-lib"
#define PACKAGE_VERSION "1.2.11"
#define PACKAGE_STRING "alsa-lib 1.2.11"
#define PACKAGE_BUGREPORT ""
#define PACKAGE_URL ""
#define PACKAGE "alsa-lib"
#define VERSION "1.2.11"
#define HAVE_STDIO_H 1
#define HAVE_STDLIB_H 1
#define HAVE_STRING_H 1
#define HAVE_INTTYPES_H 1
#define HAVE_STDINT_H 1
#define HAVE_STRINGS_H 1
#define HAVE_SYS_STAT_H 1
#define HAVE_SYS_TYPES_H 1
#define HAVE_UNISTD_H 1
#define HAVE_WCHAR_H 1
#define HAVE_SYS_TIME_H 1
#define STDC_HEADERS 1
#define _ALL_SOURCE 1
#define _DARWIN_C_SOURCE 1
#define _GNU_SOURCE 1
#define _HPUX_ALT_XOPEN_SOCKET_API 1
#define _NETBSD_SOURCE 1
#define _OPENBSD_SOURCE 1
#define _POSIX_PTHREAD_SEMANTICS 1
#define __STDC_WANT_IEC_60559_ATTRIBS_EXT__ 1
#define __STDC_WANT_IEC_60559_BFP_EXT__ 1
#define __STDC_WANT_IEC_60559_DFP_EXT__ 1
#define __STDC_WANT_IEC_60559_FUNCS_EXT__ 1
#define __STDC_WANT_IEC_60559_TYPES_EXT__ 1
#define __STDC_WANT_LIB_EXT2__ 1
#define __STDC_WANT_MATH_SPEC_FUNCS__ 1
#define _TANDEM_SOURCE 1
#define __EXTENSIONS__ 1
#define HAVE_DLFCN_H 1
#define LT_OBJDIR ".libs/"
#define TIME_WITH_SYS_TIME 1
#define HAVE_ATTRIBUTE_SYMVER 1
#define HAVE_USELOCALE 1
#define HAVE_EACCESS 1
#define VERSION "1.2.11"
#define ALSA_CONFIG_DIR "/usr/share/alsa"
#define ALSA_PLUGIN_DIR "/usr/lib64/alsa-lib"
#define ALSA_PKGCONF_DIR "/usr/lib64/pkgconfig"
#define VERSIONED_SYMBOLS /**/
#define __SYMBOL_PREFIX ""
#define TMPDIR "/tmp"
#define HAVE_LFS 1
#define HAVE_LIBDL 1
#define HAVE_LIBPTHREAD 1
#define HAVE_PTHREAD_MUTEX_RECURSIVE /**/
#define HAVE___THREAD 1
#define HAVE_LIBRT 1
#define HAVE_CLOCK_GETTIME 1
#define HAVE_ENDIAN_H 1
#define HAVE_SYS_SHM_H 1
#define HAVE_MALLOC_H 1
#define ALSA_DEVICE_DIRECTORY "/dev/snd/"
#define ALOAD_DEVICE_DIRECTORY "/dev/"
#define BUILD_MIXER "1"
#define BUILD_PCM "1"
#define BUILD_RAWMIDI "1"
#define BUILD_HWDEP "1"
#define BUILD_SEQ "1"
#define BUILD_UCM "1"
#define BUILD_TOPOLOGY "1"
#define HAVE_MMX "1"
#define BUILD_PCM_PLUGIN_RATE "1"
#define BUILD_PCM_PLUGIN_ROUTE "1"
#define BUILD_PCM_PLUGIN_LFLOAT "1"
#define BUILD_PCM_PLUGIN_ADPCM "1"
#define BUILD_PCM_PLUGIN_MULAW "1"
#define BUILD_PCM_PLUGIN_ALAW "1"
#define BUILD_PCM_PLUGIN_IEC958 "1"
#define BUILD_PCM_PLUGIN_MMAP_EMUL "1"
#define SND_MAX_CARDS 32
#define THREAD_SAFE_API "1"

configure: exit 0

## ---------------------- ##
## Running config.status. ##
## ---------------------- ##

This file was extended by alsa-lib config.status 1.2.11, which was
generated by GNU Autoconf 2.71.  Invocation command line was

  CONFIG_FILES    = 
  CONFIG_HEADERS  = 
  CONFIG_LINKS    = 
  CONFIG_COMMANDS = 
  $ ./config.status include/config.h

on repairnator

config.status:1284: creating include/config.h
config.status:1465: include/config.h is unchanged
